<?xml version="1.0" encoding="UTF-8"?>
<testng-results ignored="0" total="2" passed="1" failed="1" skipped="0">
  <reporter-output>
  </reporter-output>
  <suite started-at="2023-02-21T15:03:08 IST" name="Default suite" finished-at="2023-02-21T15:03:26 IST" duration-ms="18201">
    <groups>
    </groups>
    <test started-at="2023-02-21T15:03:08 IST" name="Default test" finished-at="2023-02-21T15:03:26 IST" duration-ms="18201">
      <class name="Module1_Home_Testclass.TestNG_TestClass">
        <test-method is-config="true" signature="openBrowser()[pri:0, instance:Module1_Home_Testclass.TestNG_TestClass@53ce1329]" started-at="2023-02-21T15:03:08 IST" name="openBrowser" finished-at="2023-02-21T15:03:15 IST" duration-ms="6759" status="PASS">
          <reporter-output>
          </reporter-output>
        </test-method> <!-- openBrowser -->
        <test-method is-config="true" signature="Logintoapp()[pri:0, instance:Module1_Home_Testclass.TestNG_TestClass@53ce1329]" started-at="2023-02-21T15:03:15 IST" name="Logintoapp" finished-at="2023-02-21T15:03:18 IST" duration-ms="3463" status="PASS">
          <reporter-output>
          </reporter-output>
        </test-method> <!-- Logintoapp -->
        <test-method signature="VerifyEmailAddress()[pri:1, instance:Module1_Home_Testclass.TestNG_TestClass@53ce1329]" started-at="2023-02-21T15:03:18 IST" name="VerifyEmailAddress" finished-at="2023-02-21T15:03:19 IST" duration-ms="879" status="PASS">
          <reporter-output>
          </reporter-output>
        </test-method> <!-- VerifyEmailAddress -->
        <test-method is-config="true" signature="Logoutfromapp(org.testng.ITestResult)[pri:0, instance:Module1_Home_Testclass.TestNG_TestClass@53ce1329]" started-at="2023-02-21T15:03:19 IST" name="Logoutfromapp" finished-at="2023-02-21T15:03:22 IST" duration-ms="2554" status="PASS">
          <params>
            <param index="0">
              <value>
                <![CDATA[[TestResult name=VerifyEmailAddress status=SUCCESS method=TestNG_TestClass.VerifyEmailAddress()[pri:1, instance:Module1_Home_Testclass.TestNG_TestClass@53ce1329] output={null}]]]>
              </value>
            </param>
          </params>
          <reporter-output>
          </reporter-output>
        </test-method> <!-- Logoutfromapp -->
        <test-method is-config="true" signature="Logintoapp()[pri:0, instance:Module1_Home_Testclass.TestNG_TestClass@53ce1329]" started-at="2023-02-21T15:03:22 IST" name="Logintoapp" finished-at="2023-02-21T15:03:23 IST" duration-ms="1871" status="PASS">
          <reporter-output>
          </reporter-output>
        </test-method> <!-- Logintoapp -->
        <test-method signature="VerifyTitle()[pri:2, instance:Module1_Home_Testclass.TestNG_TestClass@53ce1329]" started-at="2023-02-21T15:03:23 IST" name="VerifyTitle" finished-at="2023-02-21T15:03:23 IST" duration-ms="55" status="FAIL">
          <exception class="java.lang.AssertionError">
            <message>
              <![CDATA[expected [saradeg41@gmail.com] but found [Insurance Broker System]]]>
            </message>
            <full-stacktrace>
              <![CDATA[java.lang.AssertionError: expected [saradeg41@gmail.com] but found [Insurance Broker System]
at org.testng.Assert.fail(Assert.java:99)
at org.testng.Assert.failNotEquals(Assert.java:1037)
at org.testng.Assert.assertEqualsImpl(Assert.java:140)
at org.testng.Assert.assertEquals(Assert.java:122)
at org.testng.Assert.assertEquals(Assert.java:629)
at org.testng.Assert.assertEquals(Assert.java:639)
at Module1_Home_Testclass.TestNG_TestClass.VerifyTitle(TestNG_TestClass.java:70)
at java.base/jdk.internal.reflect.NativeMethodAccessorImpl.invoke0(Native Method)
at java.base/jdk.internal.reflect.NativeMethodAccessorImpl.invoke(NativeMethodAccessorImpl.java:77)
at java.base/jdk.internal.reflect.DelegatingMethodAccessorImpl.invoke(DelegatingMethodAccessorImpl.java:43)
at java.base/java.lang.reflect.Method.invoke(Method.java:568)
at org.testng.internal.MethodInvocationHelper.invokeMethod(MethodInvocationHelper.java:133)
at org.testng.internal.TestInvoker.invokeMethod(TestInvoker.java:598)
at org.testng.internal.TestInvoker.invokeTestMethod(TestInvoker.java:173)
at org.testng.internal.MethodRunner.runInSequence(MethodRunner.java:46)
at org.testng.internal.TestInvoker$MethodInvocationAgent.invoke(TestInvoker.java:824)
at org.testng.internal.TestInvoker.invokeTestMethods(TestInvoker.java:146)
at org.testng.internal.TestMethodWorker.invokeTestMethods(TestMethodWorker.java:146)
at org.testng.internal.TestMethodWorker.run(TestMethodWorker.java:128)
at java.base/java.util.ArrayList.forEach(ArrayList.java:1511)
at org.testng.TestRunner.privateRun(TestRunner.java:794)
at org.testng.TestRunner.run(TestRunner.java:596)
at org.testng.SuiteRunner.runTest(SuiteRunner.java:377)
at org.testng.SuiteRunner.runSequentially(SuiteRunner.java:371)
at org.testng.SuiteRunner.privateRun(SuiteRunner.java:332)
at org.testng.SuiteRunner.run(SuiteRunner.java:276)
at org.testng.SuiteRunnerWorker.runSuite(SuiteRunnerWorker.java:53)
at org.testng.SuiteRunnerWorker.run(SuiteRunnerWorker.java:96)
at org.testng.TestNG.runSuitesSequentially(TestNG.java:1212)
at org.testng.TestNG.runSuitesLocally(TestNG.java:1134)
at org.testng.TestNG.runSuites(TestNG.java:1063)
at org.testng.TestNG.run(TestNG.java:1031)
at org.testng.remote.AbstractRemoteTestNG.run(AbstractRemoteTestNG.java:115)
at org.testng.remote.RemoteTestNG.initAndRun(RemoteTestNG.java:251)
at org.testng.remote.RemoteTestNG.main(RemoteTestNG.java:77)
]]>
            </full-stacktrace>
          </exception> <!-- java.lang.AssertionError -->
          <reporter-output>
          </reporter-output>
        </test-method> <!-- VerifyTitle -->
        <test-method is-config="true" signature="Logoutfromapp(org.testng.ITestResult)[pri:0, instance:Module1_Home_Testclass.TestNG_TestClass@53ce1329]" started-at="2023-02-21T15:03:23 IST" name="Logoutfromapp" finished-at="2023-02-21T15:03:26 IST" duration-ms="2466" status="PASS">
          <params>
            <param index="0">
              <value>
                <![CDATA[[TestResult name=VerifyTitle status=FAILURE method=TestNG_TestClass.VerifyTitle()[pri:2, instance:Module1_Home_Testclass.TestNG_TestClass@53ce1329] output={null}]]]>
              </value>
            </param>
          </params>
          <reporter-output>
          </reporter-output>
        </test-method> <!-- Logoutfromapp -->
        <test-method is-config="true" signature="CloseBrowser()[pri:0, instance:Module1_Home_Testclass.TestNG_TestClass@53ce1329]" started-at="2023-02-21T15:03:26 IST" name="CloseBrowser" finished-at="2023-02-21T15:03:26 IST" duration-ms="105" status="PASS">
          <reporter-output>
          </reporter-output>
        </test-method> <!-- CloseBrowser -->
      </class> <!-- Module1_Home_Testclass.TestNG_TestClass -->
    </test> <!-- Default test -->
  </suite> <!-- Default suite -->
</testng-results>
